2025-07-05 18:19:00 | DEBUG | repo=Sigarayi-Birak | action=commit
2025-06-04 07:03:00 | INFO | repo=Sigarayi-Birak | action=commit
2025-04-20 11:05:00 | INFO | repo=Sigarayi-Birak | action=commit
2025-10-12 07:19:00 | WARN | repo=Sigarayi-Birak | action=test | passed=true
2025-06-13 15:37:00 | WARN | repo=Sigarayi-Birak | action=pull
2025-08-24 14:52:00 | INFO | repo=Sigarayi-Birak | action=commit
2025-12-21 11:47:00 | WARN | repo=Sigarayi-Birak | action=commit
2025-07-03 19:38:00 | INFO | repo=Sigarayi-Birak | action=commit
2025-08-22 15:48:00 | WARN | repo=Sigarayi-Birak | action=commit
2025-01-12 10:33:00 | INFO | repo=Sigarayi-Birak | action=pull
2025-11-18 08:33:00 | DEBUG | repo=Sigarayi-Birak | action=test | passed=true
2025-01-11 18:04:00 | INFO | repo=Sigarayi-Birak | action=edit | files=5
2025-07-02 07:40:00 | INFO | repo=Sigarayi-Birak | action=commit
2025-11-18 19:54:00 | INFO | repo=Sigarayi-Birak | action=test | passed=true
2025-02-01 20:08:00 | DEBUG | repo=Sigarayi-Birak | action=commit
2025-02-26 17:53:00 | INFO | repo=Sigarayi-Birak | action=test | passed=true
2025-02-01 07:06:00 | WARN | repo=Sigarayi-Birak | action=commit
2025-01-23 12:54:00 | INFO | repo=Sigarayi-Birak | action=commit
2025-08-02 13:33:00 | DEBUG | repo=Sigarayi-Birak | action=commit
2025-04-17 13:05:00 | WARN | repo=Sigarayi-Birak | action=commit
2025-09-16 20:02:00 | DEBUG | repo=Sigarayi-Birak | action=test | passed=true
2025-08-15 20:05:00 | WARN | repo=Sigarayi-Birak | action=commit
2025-08-20 07:37:00 | INFO | repo=Sigarayi-Birak | action=commit
2025-01-08 08:26:00 | INFO | repo=Sigarayi-Birak | action=test | passed=true
2025-07-07 19:11:00 | INFO | repo=Sigarayi-Birak | action=commit
2025-04-23 20:26:00 | WARN | repo=Sigarayi-Birak | action=commit
2025-05-01 08:07:00 | DEBUG | repo=Sigarayi-Birak | action=commit
2025-05-04 21:22:00 | WARN | repo=Sigarayi-Birak | action=commit
2025-02-24 11:36:00 | INFO | repo=Sigarayi-Birak | action=test | passed=true
2025-10-20 09:08:00 | DEBUG | repo=Sigarayi-Birak | action=commit
2025-11-07 07:42:00 | INFO | repo=Sigarayi-Birak | action=pull
2025-02-12 21:30:00 | DEBUG | repo=Sigarayi-Birak | action=commit
2025-03-25 18:15:00 | DEBUG | repo=Sigarayi-Birak | action=commit
2025-04-10 20:07:00 | INFO | repo=Sigarayi-Birak | action=pull
2025-10-09 15:10:00 | DEBUG | repo=Sigarayi-Birak | action=commit
2025-12-01 15:49:00 | WARN | repo=Sigarayi-Birak | action=commit
2025-08-17 08:32:00 | WARN | repo=Sigarayi-Birak | action=edit | files=1
2025-09-27 09:29:00 | DEBUG | repo=Sigarayi-Birak | action=test | passed=true
2025-10-21 17:35:00 | INFO | repo=Sigarayi-Birak | action=commit
2025-05-11 19:21:00 | INFO | repo=Sigarayi-Birak | action=commit
2025-12-17 09:46:00 | WARN | repo=Sigarayi-Birak | action=edit | files=2
2025-10-03 13:51:00 | WARN | repo=Sigarayi-Birak | action=commit
2025-12-28 08:35:00 | DEBUG | repo=Sigarayi-Birak | action=test | passed=true
2025-10-02 17:24:00 | INFO | repo=Sigarayi-Birak | action=test | passed=true
2025-08-09 13:21:00 | WARN | repo=Sigarayi-Birak | action=commit
2025-05-15 12:15:00 | INFO | repo=Sigarayi-Birak | action=commit
2025-12-16 21:06:00 | INFO | repo=Sigarayi-Birak | action=commit
2025-02-27 17:16:00 | WARN | repo=Sigarayi-Birak | action=commit
2025-06-25 16:23:00 | DEBUG | repo=Sigarayi-Birak | action=edit | files=1
2025-08-16 18:12:00 | WARN | repo=Sigarayi-Birak | action=test | passed=true
2025-06-27 14:43:00 | INFO | repo=Sigarayi-Birak | action=pull
2025-10-19 16:46:00 | WARN | repo=Sigarayi-Birak | action=commit
2025-11-02 15:53:00 | DEBUG | repo=Sigarayi-Birak | action=commit
2025-06-01 20:15:00 | WARN | repo=Sigarayi-Birak | action=commit
2025-02-27 20:19:00 | WARN | repo=Sigarayi-Birak | action=commit
2025-05-18 10:25:00 | WARN | repo=Sigarayi-Birak | action=commit
2025-04-03 21:46:00 | DEBUG | repo=Sigarayi-Birak | action=commit
2025-11-11 21:08:00 | INFO | repo=Sigarayi-Birak | action=commit
2025-07-06 13:58:00 | DEBUG | repo=Sigarayi-Birak | action=pull
2025-03-04 21:21:00 | WARN | repo=Sigarayi-Birak | action=test | passed=true
2025-06-28 20:13:00 | DEBUG | repo=Sigarayi-Birak | action=pull
2025-06-22 14:14:00 | DEBUG | repo=Sigarayi-Birak | action=commit
2025-06-05 16:03:00 | WARN | repo=Sigarayi-Birak | action=pull
2025-11-11 13:12:00 | DEBUG | repo=Sigarayi-Birak | action=commit
2025-01-22 07:09:00 | INFO | repo=Sigarayi-Birak | action=commit
2025-08-23 15:36:00 | DEBUG | repo=Sigarayi-Birak | action=commit
2025-10-11 20:16:00 | INFO | repo=Sigarayi-Birak | action=edit | files=4
2025-09-14 21:13:00 | DEBUG | repo=Sigarayi-Birak | action=commit
2025-04-03 21:03:00 | INFO | repo=Sigarayi-Birak | action=pull
2025-09-24 12:33:00 | INFO | repo=Sigarayi-Birak | action=commit
2025-02-03 09:08:00 | WARN | repo=Sigarayi-Birak | action=commit
2025-05-28 18:55:00 | INFO | repo=Sigarayi-Birak | action=commit
2025-10-05 08:40:00 | WARN | repo=Sigarayi-Birak | action=commit
2025-09-28 10:07:00 | INFO | repo=Sigarayi-Birak | action=commit
2025-05-06 14:24:00 | INFO | repo=Sigarayi-Birak | action=commit
2025-08-06 10:07:00 | WARN | repo=Sigarayi-Birak | action=commit
2025-03-14 20:43:00 | WARN | repo=Sigarayi-Birak | action=commit
2025-03-27 13:01:00 | WARN | repo=Sigarayi-Birak | action=edit | files=3
2025-02-08 10:45:00 | DEBUG | repo=Sigarayi-Birak | action=commit
2025-05-07 13:36:00 | DEBUG | repo=Sigarayi-Birak | action=commit
2025-03-12 15:12:00 | WARN | repo=Sigarayi-Birak | action=commit
2025-12-14 07:44:00 | DEBUG | repo=Sigarayi-Birak | action=commit
2025-06-16 14:00:00 | WARN | repo=Sigarayi-Birak | action=commit
2025-10-22 14:27:00 | INFO | repo=Sigarayi-Birak | action=commit
2025-09-05 08:42:00 | WARN | repo=Sigarayi-Birak | action=commit
2025-09-28 10:24:00 | WARN | repo=Sigarayi-Birak | action=commit
2025-07-08 13:30:00 | WARN | repo=Sigarayi-Birak | action=commit
2025-03-04 09:51:00 | WARN | repo=Sigarayi-Birak | action=commit
2025-08-11 13:34:00 | INFO | repo=Sigarayi-Birak | action=commit
2025-11-17 21:35:00 | WARN | repo=Sigarayi-Birak | action=commit
2025-05-01 07:24:00 | DEBUG | repo=Sigarayi-Birak | action=commit
2025-05-09 20:02:00 | WARN | repo=Sigarayi-Birak | action=commit
2025-08-09 21:46:00 | WARN | repo=Sigarayi-Birak | action=commit
2025-04-02 09:40:00 | INFO | repo=Sigarayi-Birak | action=pull
2025-04-12 13:06:00 | DEBUG | repo=Sigarayi-Birak | action=commit
2025-09-20 14:20:00 | WARN | repo=Sigarayi-Birak | action=commit
2025-01-03 12:50:00 | DEBUG | repo=Sigarayi-Birak | action=commit
2025-04-28 15:48:00 | INFO | repo=Sigarayi-Birak | action=commit
2025-04-04 12:24:00 | INFO | repo=Sigarayi-Birak | action=test | passed=true
2025-04-14 19:02:00 | INFO | repo=Sigarayi-Birak | action=edit | files=5
2025-09-27 10:40:00 | WARN | repo=Sigarayi-Birak | action=commit
2025-10-14 15:42:00 | DEBUG | repo=Sigarayi-Birak | action=commit
2025-02-25 19:18:00 | DEBUG | repo=Sigarayi-Birak | action=commit
2025-09-15 10:11:00 | WARN | repo=Sigarayi-Birak | action=commit
2025-12-06 11:54:00 | INFO | repo=Sigarayi-Birak | action=commit
2025-03-02 14:04:00 | INFO | repo=Sigarayi-Birak | action=commit
2025-08-19 17:06:00 | DEBUG | repo=Sigarayi-Birak | action=edit | files=1
2025-01-14 12:58:00 | INFO | repo=Sigarayi-Birak | action=commit
2025-07-28 15:01:00 | INFO | repo=Sigarayi-Birak | action=commit
2025-06-03 12:55:00 | INFO | repo=Sigarayi-Birak | action=pull
2025-08-14 11:54:00 | INFO | repo=Sigarayi-Birak | action=commit
2026-02-11 08:10:00 | INFO | repo=Sigarayi-Birak | action=test | passed=true
2026-09-08 17:51:00 | WARN | repo=Sigarayi-Birak | action=commit
2026-02-04 14:42:00 | DEBUG | repo=Sigarayi-Birak | action=commit
2026-06-18 19:53:00 | DEBUG | repo=Sigarayi-Birak | action=pull
2026-09-02 15:40:00 | DEBUG | repo=Sigarayi-Birak | action=commit
2026-03-05 20:06:00 | INFO | repo=Sigarayi-Birak | action=test | passed=true
2026-10-09 08:35:00 | DEBUG | repo=Sigarayi-Birak | action=commit
2026-06-22 15:52:00 | WARN | repo=Sigarayi-Birak | action=commit
2026-07-25 08:46:00 | WARN | repo=Sigarayi-Birak | action=commit
2026-08-22 14:25:00 | DEBUG | repo=Sigarayi-Birak | action=commit
2026-09-15 19:45:00 | INFO | repo=Sigarayi-Birak | action=commit
2026-06-21 14:14:00 | WARN | repo=Sigarayi-Birak | action=commit
2026-10-03 16:03:00 | DEBUG | repo=Sigarayi-Birak | action=commit
2026-07-01 08:24:00 | DEBUG | repo=Sigarayi-Birak | action=test | passed=true
2026-02-28 14:58:00 | WARN | repo=Sigarayi-Birak | action=edit | files=2
2026-12-05 19:12:00 | INFO | repo=Sigarayi-Birak | action=test | passed=true
2026-11-05 17:35:00 | DEBUG | repo=Sigarayi-Birak | action=test | passed=true
2026-02-23 07:44:00 | INFO | repo=Sigarayi-Birak | action=commit
2025-07-23 07:17:00 | DEBUG | repo=Sigarayi-Birak | action=commit
2025-05-23 20:54:00 | INFO | repo=Sigarayi-Birak | action=edit | files=3
2025-09-24 07:22:00 | INFO | repo=Sigarayi-Birak | action=pull
2025-02-10 11:51:00 | DEBUG | repo=Sigarayi-Birak | action=commit
2025-12-08 09:40:00 | WARN | repo=Sigarayi-Birak | action=commit
2025-01-13 13:59:00 | WARN | repo=Sigarayi-Birak | action=commit
2025-02-05 07:13:00 | DEBUG | repo=Sigarayi-Birak | action=commit
2025-11-07 21:32:00 | WARN | repo=Sigarayi-Birak | action=test | passed=true
2025-09-09 19:08:00 | WARN | repo=Sigarayi-Birak | action=commit
2025-06-17 13:31:00 | INFO | repo=Sigarayi-Birak | action=edit | files=5
2025-07-06 19:55:00 | WARN | repo=Sigarayi-Birak | action=edit | files=2
2025-08-01 15:32:00 | INFO | repo=Sigarayi-Birak | action=commit
2025-07-04 16:31:00 | INFO | repo=Sigarayi-Birak | action=commit
2025-04-10 21:12:00 | INFO | repo=Sigarayi-Birak | action=commit
2025-08-15 12:41:00 | DEBUG | repo=Sigarayi-Birak | action=commit
2025-01-26 18:48:00 | DEBUG | repo=Sigarayi-Birak | action=commit
2025-07-12 12:30:00 | DEBUG | repo=Sigarayi-Birak | action=commit
2025-08-11 09:34:00 | INFO | repo=Sigarayi-Birak | action=commit
2025-08-27 09:22:00 | WARN | repo=Sigarayi-Birak | action=commit
2025-12-26 11:24:00 | WARN | repo=Sigarayi-Birak | action=commit
2025-06-25 20:25:00 | DEBUG | repo=Sigarayi-Birak | action=edit | files=2
2025-09-05 21:55:00 | INFO | repo=Sigarayi-Birak | action=commit
2025-08-16 08:17:00 | DEBUG | repo=Sigarayi-Birak | action=commit
2025-11-16 11:02:00 | INFO | repo=Sigarayi-Birak | action=test | passed=true
2025-02-20 16:10:00 | WARN | repo=Sigarayi-Birak | action=commit
2025-11-05 09:42:00 | DEBUG | repo=Sigarayi-Birak | action=commit
2025-05-03 12:55:00 | WARN | repo=Sigarayi-Birak | action=commit
2025-12-11 18:54:00 | INFO | repo=Sigarayi-Birak | action=pull
2025-05-03 12:31:00 | WARN | repo=Sigarayi-Birak | action=commit
2025-12-04 14:31:00 | WARN | repo=Sigarayi-Birak | action=test | passed=true
2025-06-04 08:51:00 | INFO | repo=Sigarayi-Birak | action=commit
2025-10-13 11:02:00 | INFO | repo=Sigarayi-Birak | action=commit
2025-06-17 17:39:00 | DEBUG | repo=Sigarayi-Birak | action=test | passed=true
2025-07-24 15:51:00 | WARN | repo=Sigarayi-Birak | action=commit
2025-11-13 20:13:00 | DEBUG | repo=Sigarayi-Birak | action=pull
2025-08-26 15:56:00 | DEBUG | repo=Sigarayi-Birak | action=commit
2025-05-22 07:29:00 | INFO | repo=Sigarayi-Birak | action=commit
2025-05-18 13:07:00 | DEBUG | repo=Sigarayi-Birak | action=edit | files=5
2025-05-26 08:44:00 | DEBUG | repo=Sigarayi-Birak | action=commit
2025-12-26 08:09:00 | INFO | repo=Sigarayi-Birak | action=commit
2025-02-05 15:22:00 | INFO | repo=Sigarayi-Birak | action=commit
2025-05-10 20:24:00 | WARN | repo=Sigarayi-Birak | action=pull
2025-11-28 16:58:00 | DEBUG | repo=Sigarayi-Birak | action=pull
2025-07-15 08:38:00 | INFO | repo=Sigarayi-Birak | action=commit
2025-02-08 19:46:00 | DEBUG | repo=Sigarayi-Birak | action=commit
2025-06-27 18:03:00 | INFO | repo=Sigarayi-Birak | action=test | passed=true
2025-06-09 12:03:00 | DEBUG | repo=Sigarayi-Birak | action=commit
2025-08-13 07:49:00 | INFO | repo=Sigarayi-Birak | action=commit
2025-03-17 09:16:00 | WARN | repo=Sigarayi-Birak | action=commit
2025-06-06 08:27:00 | INFO | repo=Sigarayi-Birak | action=test | passed=true
2025-04-05 15:10:00 | WARN | repo=Sigarayi-Birak | action=commit
2025-05-08 21:56:00 | INFO | repo=Sigarayi-Birak | action=commit
2025-01-23 19:28:00 | DEBUG | repo=Sigarayi-Birak | action=commit
2025-10-22 07:28:00 | DEBUG | repo=Sigarayi-Birak | action=commit
2025-06-02 08:29:00 | DEBUG | repo=Sigarayi-Birak | action=commit
2025-04-04 08:49:00 | WARN | repo=Sigarayi-Birak | action=edit | files=1
2025-11-12 08:02:00 | DEBUG | repo=Sigarayi-Birak | action=commit
2025-06-20 08:53:00 | DEBUG | repo=Sigarayi-Birak | action=test | passed=true
2025-10-14 16:06:00 | INFO | repo=Sigarayi-Birak | action=commit
2025-07-19 17:37:00 | DEBUG | repo=Sigarayi-Birak | action=edit | files=5
2025-06-17 16:14:00 | DEBUG | repo=Sigarayi-Birak | action=edit | files=3
2025-10-25 21:46:00 | WARN | repo=Sigarayi-Birak | action=commit
2025-02-28 20:39:00 | WARN | repo=Sigarayi-Birak | action=pull
2025-11-14 08:40:00 | DEBUG | repo=Sigarayi-Birak | action=edit | files=4
2025-06-12 15:22:00 | DEBUG | repo=Sigarayi-Birak | action=commit
2025-11-23 18:04:00 | WARN | repo=Sigarayi-Birak | action=pull
2025-03-24 19:35:00 | INFO | repo=Sigarayi-Birak | action=commit
2025-10-15 09:48:00 | WARN | repo=Sigarayi-Birak | action=test | passed=true
2025-02-20 07:09:00 | WARN | repo=Sigarayi-Birak | action=pull
2025-10-01 13:17:00 | WARN | repo=Sigarayi-Birak | action=commit
2025-10-23 07:45:00 | WARN | repo=Sigarayi-Birak | action=commit
2025-03-11 20:59:00 | INFO | repo=Sigarayi-Birak | action=commit
2025-08-17 16:21:00 | WARN | repo=Sigarayi-Birak | action=test | passed=true
2025-06-27 21:28:00 | DEBUG | repo=Sigarayi-Birak | action=commit
2025-08-08 14:24:00 | DEBUG | repo=Sigarayi-Birak | action=commit
2025-12-18 17:12:00 | WARN | repo=Sigarayi-Birak | action=test | passed=true
2025-01-26 18:00:00 | WARN | repo=Sigarayi-Birak | action=commit
2025-11-11 11:20:00 | INFO | repo=Sigarayi-Birak | action=test | passed=true
2025-04-12 08:46:00 | DEBUG | repo=Sigarayi-Birak | action=pull
2025-02-05 18:26:00 | DEBUG | repo=Sigarayi-Birak | action=commit
2025-09-01 21:29:00 | DEBUG | repo=Sigarayi-Birak | action=pull
2025-01-14 19:15:00 | WARN | repo=Sigarayi-Birak | action=commit
2025-10-10T11:39:00 | nonce=13422256697111411873
2025-02-22T12:07:00 | nonce=10348507842118506378
2025-04-22T09:24:00 | nonce=4683982832938871958
2025-10-09T15:55:00 | nonce=335108395796718695
2025-07-10T14:18:00 | nonce=15187266780941188199
2025-11-09T12:25:00 | nonce=2969676056641536327
2025-01-07T13:52:00 | nonce=14692405422998842266
2025-10-24T13:12:00 | nonce=13897850168824036395
2025-05-14T16:19:00 | nonce=9671285418914487512
2025-10-05T16:36:00 | nonce=7707226611643116957
2025-07-01T16:38:00 | nonce=16677054225800408867
2025-08-02T12:25:00 | nonce=4083763613873633687
2025-08-02T12:25:00 | nonce=186999959204808599
2025-06-02T19:50:00 | nonce=10292215511955808779
2025-01-30T16:44:00 | nonce=10168255594872190211
2025-02-26T10:32:00 | nonce=14764976845712198787
2025-04-16T20:22:00 | nonce=8308509432627745954
2025-05-06T16:58:00 | nonce=9016228866274341149
2025-05-10T15:57:00 | nonce=10929432303015244666
2025-07-24T18:11:00 | nonce=15675403768355987613
2025-09-25T13:24:00 | nonce=6823559549253095786
2025-11-03T17:25:00 | nonce=9402253188430011395
2025-11-20T14:26:00 | nonce=10713749204339487000
2025-12-01T20:18:00 | nonce=6803130210870940482
2025-12-13T11:22:00 | nonce=10767931965998966830
2025-11-20T13:29:00 | nonce=12693955995517778979
2025-11-07T14:32:00 | nonce=6973622014573771428
2025-12-16T10:17:00 | nonce=2962738501454274202
2025-04-20T20:39:00 | nonce=7361804734301223505
2025-05-12T20:45:00 | nonce=5854996882586809619
2025-05-08T16:25:00 | nonce=8928422064208382987
2025-05-11T19:58:00 | nonce=16892401652983828152
2025-07-17T20:41:00 | nonce=16875405970110899395
2025-10-02T16:23:00 | nonce=469031110051160300
2025-09-21T09:56:00 | nonce=7733514411993713438
2025-11-02T12:32:00 | nonce=2583157525215256255
2025-08-19T10:28:00 | nonce=10865502122914904551
